[0.059s] Invoking command in '/home/dev/ros2_ws/ATech_ws/build/my_cpp_pkg': /usr/bin/cmake --build /home/dev/ros2_ws/ATech_ws/build/my_cpp_pkg -- -j4 -l4
[0.153s] -- Found ament_cmake: 1.3.10 (/opt/ros/humble/share/ament_cmake/cmake)
[0.669s] -- Found rclcpp: 16.0.10 (/opt/ros/humble/share/rclcpp/cmake)
[0.784s] -- Found rosidl_generator_c: 3.1.5 (/opt/ros/humble/share/rosidl_generator_c/cmake)
[0.798s] -- Found rosidl_adapter: 3.1.5 (/opt/ros/humble/share/rosidl_adapter/cmake)
[0.825s] -- Found rosidl_generator_cpp: 3.1.5 (/opt/ros/humble/share/rosidl_generator_cpp/cmake)
[0.874s] -- Using all available rosidl_typesupport_c: rosidl_typesupport_fastrtps_c;rosidl_typesupport_introspection_c
[0.936s] -- Using all available rosidl_typesupport_cpp: rosidl_typesupport_fastrtps_cpp;rosidl_typesupport_introspection_cpp
[1.089s] -- Found rmw_implementation_cmake: 6.1.2 (/opt/ros/humble/share/rmw_implementation_cmake/cmake)
[1.095s] -- Found rmw_fastrtps_cpp: 6.2.7 (/opt/ros/humble/share/rmw_fastrtps_cpp/cmake)
[1.440s] -- Using RMW implementation 'rmw_fastrtps_cpp' as default
[1.674s] -- Found ament_lint_auto: 0.12.11 (/opt/ros/humble/share/ament_lint_auto/cmake)
[1.924s] Error parsing '/home/dev/ros2_ws/ATech_ws/src/my_cpp_pkg/package.xml':
[2.117s] Traceback (most recent call last):
[2.118s]   File "/opt/ros/humble/share/ament_cmake_core/cmake/core/package_xml_2_cmake.py", line 150, in <module>
[2.119s]     main()
[2.119s]   File "/opt/ros/humble/share/ament_cmake_core/cmake/core/package_xml_2_cmake.py", line 53, in main
[2.120s]     raise e
[2.120s]   File "/opt/ros/humble/share/ament_cmake_core/cmake/core/package_xml_2_cmake.py", line 49, in main
[2.121s]     package = parse_package_string(
[2.122s]   File "/usr/lib/python3/dist-packages/catkin_pkg/package.py", line 786, in parse_package_string
[2.122s]     raise InvalidPackage('Error(s):%s' % (''.join(['\n- %s' % e for e in errors])), filename)
[2.123s] catkin_pkg.package.InvalidPackage: Error(s) in package '/home/dev/ros2_ws/ATech_ws/src/my_cpp_pkg/package.xml':
[2.123s] Error(s):
[2.124s] - The generic dependency on 'rclcpp' is redundant with: build_depend, exec_depend
[2.125s] - The generic dependency on 'std_msgs' is redundant with: build_depend, exec_depend
[2.181s] [31mCMake Error at /opt/ros/humble/share/ament_cmake_core/cmake/core/ament_package_xml.cmake:95 (message):
[2.181s]   execute_process(/usr/bin/python3
[2.182s]   /opt/ros/humble/share/ament_cmake_core/cmake/core/package_xml_2_cmake.py
[2.183s]   /home/dev/ros2_ws/ATech_ws/src/my_cpp_pkg/package.xml
[2.183s]   /home/dev/ros2_ws/ATech_ws/build/my_cpp_pkg/ament_cmake_core/package.cmake)
[2.184s]   returned error code 1
[2.184s] Call Stack (most recent call first):
[2.185s]   /opt/ros/humble/share/ament_cmake_core/cmake/core/ament_package_xml.cmake:49 (_ament_package_xml)
[2.185s]   /opt/ros/humble/share/ament_lint_auto/cmake/ament_lint_auto_find_test_dependencies.cmake:31 (ament_package_xml)
[2.185s]   CMakeLists.txt:39 (ament_lint_auto_find_test_dependencies)
[2.186s] 
[2.186s] [0m
[2.187s] -- Configuring incomplete, errors occurred!
[2.187s] See also "/home/dev/ros2_ws/ATech_ws/build/my_cpp_pkg/CMakeFiles/CMakeOutput.log".
[2.209s] gmake: *** [Makefile:226: cmake_check_build_system] Error 1
[2.216s] Invoked command in '/home/dev/ros2_ws/ATech_ws/build/my_cpp_pkg' returned '2': /usr/bin/cmake --build /home/dev/ros2_ws/ATech_ws/build/my_cpp_pkg -- -j4 -l4
