[0.000000] (-) TimerEvent: {}
[0.000954] (my_cpp_pkg) JobQueued: {'identifier': 'my_cpp_pkg', 'dependencies': OrderedDict()}
[0.001856] (my_cpp_pkg) JobStarted: {'identifier': 'my_cpp_pkg'}
[0.059895] (my_cpp_pkg) JobProgress: {'identifier': 'my_cpp_pkg', 'progress': 'cmake'}
[0.063522] (my_cpp_pkg) JobProgress: {'identifier': 'my_cpp_pkg', 'progress': 'build'}
[0.066152] (my_cpp_pkg) Command: {'cmd': ['/usr/bin/cmake', '--build', '/home/dev/ros2_ws/ATech_ws/build/my_cpp_pkg', '--', '-j4', '-l4'], 'cwd': '/home/dev/ros2_ws/ATech_ws/build/my_cpp_pkg', 'env': OrderedDict([('GJS_DEBUG_TOPICS', 'JS ERROR;JS LOG'), ('LESSOPEN', '| /usr/bin/lesspipe %s'), ('USER', 'dev'), ('LC_TIME', 'tr_TR.UTF-8'), ('XDG_SESSION_TYPE', 'wayland'), ('SHLVL', '1'), ('LD_LIBRARY_PATH', '/usr/lib/x86_64-linux-gnu/gazebo-11/plugins:/opt/ros/humble/opt/rviz_ogre_vendor/lib:/opt/ros/humble/lib/x86_64-linux-gnu:/opt/ros/humble/lib'), ('HOME', '/home/dev'), ('OLDPWD', '/home/dev'), ('DESKTOP_SESSION', 'ubuntu'), ('GIO_LAUNCHED_DESKTOP_FILE', '/usr/share/applications/terminator.desktop'), ('ROS_PYTHON_VERSION', '3'), ('GNOME_SHELL_SESSION_MODE', 'ubuntu'), ('GTK_MODULES', 'gail:atk-bridge'), ('LC_MONETARY', 'tr_TR.UTF-8'), ('MANAGERPID', '1366'), ('SYSTEMD_EXEC_PID', '1536'), ('DBUS_SESSION_BUS_ADDRESS', 'unix:path=/run/user/1000/bus'), ('COLORTERM', 'truecolor'), ('TERMINATOR_DBUS_NAME', 'net.tenshu.Terminator25ef4b219e3b005583550f2b0f9f990c3'), ('GIO_LAUNCHED_DESKTOP_FILE_PID', '62450'), ('IM_CONFIG_PHASE', '1'), ('WAYLAND_DISPLAY', 'wayland-0'), ('ROS_DISTRO', 'humble'), ('LOGNAME', 'dev'), ('JOURNAL_STREAM', '8:14364'), ('_', '/usr/bin/colcon'), ('ROS_VERSION', '2'), ('XDG_SESSION_CLASS', 'user'), ('USERNAME', 'dev'), ('TERM', 'xterm-256color'), ('GNOME_DESKTOP_SESSION_ID', 'this-is-deprecated'), ('ROS_LOCALHOST_ONLY', '0'), ('PATH', '/opt/ros/humble/bin:/usr/local/sbin:/usr/local/bin:/usr/sbin:/usr/bin:/sbin:/bin:/usr/games:/usr/local/games:/snap/bin:/snap/bin'), ('SESSION_MANAGER', 'local/Servant:@/tmp/.ICE-unix/1514,unix/Servant:/tmp/.ICE-unix/1514'), ('INVOCATION_ID', '55cb125905954dec995a6848a7868ee6'), ('XDG_MENU_PREFIX', 'gnome-'), ('LC_ADDRESS', 'tr_TR.UTF-8'), ('GNOME_SETUP_DISPLAY', ':1'), ('XDG_RUNTIME_DIR', '/run/user/1000'), ('DISPLAY', ':0'), ('TERMINATOR_DBUS_PATH', '/net/tenshu/Terminator2'), ('LANG', 'en_US.UTF-8'), ('XDG_CURRENT_DESKTOP', 'ubuntu:GNOME'), ('IBUS_DISABLE_SNOOPER', '1'), ('LC_TELEPHONE', 'tr_TR.UTF-8'), ('XMODIFIERS', '@im=ibus'), ('XDG_SESSION_DESKTOP', 'ubuntu'), ('XAUTHORITY', '/run/user/1000/.mutter-Xwaylandauth.YP5MU2'), ('LS_COLORS', 'rs=0:di=01;34:ln=01;36:mh=00:pi=40;33:so=01;35:do=01;35:bd=40;33;01:cd=40;33;01:or=40;31;01:mi=00:su=37;41:sg=30;43:ca=30;41:tw=30;42:ow=34;42:st=37;44:ex=01;32:*.tar=01;31:*.tgz=01;31:*.arc=01;31:*.arj=01;31:*.taz=01;31:*.lha=01;31:*.lz4=01;31:*.lzh=01;31:*.lzma=01;31:*.tlz=01;31:*.txz=01;31:*.tzo=01;31:*.t7z=01;31:*.zip=01;31:*.z=01;31:*.dz=01;31:*.gz=01;31:*.lrz=01;31:*.lz=01;31:*.lzo=01;31:*.xz=01;31:*.zst=01;31:*.tzst=01;31:*.bz2=01;31:*.bz=01;31:*.tbz=01;31:*.tbz2=01;31:*.tz=01;31:*.deb=01;31:*.rpm=01;31:*.jar=01;31:*.war=01;31:*.ear=01;31:*.sar=01;31:*.rar=01;31:*.alz=01;31:*.ace=01;31:*.zoo=01;31:*.cpio=01;31:*.7z=01;31:*.rz=01;31:*.cab=01;31:*.wim=01;31:*.swm=01;31:*.dwm=01;31:*.esd=01;31:*.jpg=01;35:*.jpeg=01;35:*.mjpg=01;35:*.mjpeg=01;35:*.gif=01;35:*.bmp=01;35:*.pbm=01;35:*.pgm=01;35:*.ppm=01;35:*.tga=01;35:*.xbm=01;35:*.xpm=01;35:*.tif=01;35:*.tiff=01;35:*.png=01;35:*.svg=01;35:*.svgz=01;35:*.mng=01;35:*.pcx=01;35:*.mov=01;35:*.mpg=01;35:*.mpeg=01;35:*.m2v=01;35:*.mkv=01;35:*.webm=01;35:*.webp=01;35:*.ogm=01;35:*.mp4=01;35:*.m4v=01;35:*.mp4v=01;35:*.vob=01;35:*.qt=01;35:*.nuv=01;35:*.wmv=01;35:*.asf=01;35:*.rm=01;35:*.rmvb=01;35:*.flc=01;35:*.avi=01;35:*.fli=01;35:*.flv=01;35:*.gl=01;35:*.dl=01;35:*.xcf=01;35:*.xwd=01;35:*.yuv=01;35:*.cgm=01;35:*.emf=01;35:*.ogv=01;35:*.ogx=01;35:*.aac=00;36:*.au=00;36:*.flac=00;36:*.m4a=00;36:*.mid=00;36:*.midi=00;36:*.mka=00;36:*.mp3=00;36:*.mpc=00;36:*.ogg=00;36:*.ra=00;36:*.wav=00;36:*.oga=00;36:*.opus=00;36:*.spx=00;36:*.xspf=00;36:'), ('SSH_AGENT_LAUNCHER', 'gnome-keyring'), ('SSH_AUTH_SOCK', '/run/user/1000/keyring/ssh'), ('AMENT_PREFIX_PATH', '/opt/ros/humble'), ('SHELL', '/bin/bash'), ('LC_NAME', 'tr_TR.UTF-8'), ('TERMINATOR_UUID', 'urn:uuid:ed77b2e8-4c92-4eef-a9f6-4e021ecf3a04'), ('QT_ACCESSIBILITY', '1'), ('GDMSESSION', 'ubuntu'), ('LESSCLOSE', '/usr/bin/lesspipe %s %s'), ('LC_MEASUREMENT', 'tr_TR.UTF-8'), ('GJS_DEBUG_OUTPUT', 'stderr'), ('LC_IDENTIFICATION', 'tr_TR.UTF-8'), ('QT_IM_MODULE', 'ibus'), ('PWD', '/home/dev/ros2_ws/ATech_ws/build/my_cpp_pkg'), ('TURTLEBOT3_MODEL', 'waffle'), ('XDG_CONFIG_DIRS', '/etc/xdg/xdg-ubuntu:/etc/xdg'), ('XDG_DATA_DIRS', '/usr/share/ubuntu:/usr/local/share/:/usr/share/:/var/lib/snapd/desktop'), ('PYTHONPATH', '/opt/ros/humble/lib/python3.10/site-packages:/opt/ros/humble/local/lib/python3.10/dist-packages'), ('LC_NUMERIC', 'tr_TR.UTF-8'), ('LC_PAPER', 'tr_TR.UTF-8'), ('COLCON', '1'), ('VTE_VERSION', '6800')]), 'shell': False}
[0.099165] (-) TimerEvent: {}
[0.185023] (my_cpp_pkg) StdoutLine: {'line': b'-- Found ament_cmake: 1.3.10 (/opt/ros/humble/share/ament_cmake/cmake)\n'}
[0.199374] (-) TimerEvent: {}
[0.300019] (-) TimerEvent: {}
[0.400813] (-) TimerEvent: {}
[0.502486] (-) TimerEvent: {}
[0.603500] (-) TimerEvent: {}
[0.705475] (-) TimerEvent: {}
[0.804556] (my_cpp_pkg) StdoutLine: {'line': b'-- Found rclcpp: 16.0.10 (/opt/ros/humble/share/rclcpp/cmake)\n'}
[0.805592] (-) TimerEvent: {}
[0.906230] (-) TimerEvent: {}
[0.967484] (my_cpp_pkg) StdoutLine: {'line': b'-- Found rosidl_generator_c: 3.1.5 (/opt/ros/humble/share/rosidl_generator_c/cmake)\n'}
[0.983640] (my_cpp_pkg) StdoutLine: {'line': b'-- Found rosidl_adapter: 3.1.5 (/opt/ros/humble/share/rosidl_adapter/cmake)\n'}
[1.006408] (-) TimerEvent: {}
[1.018677] (my_cpp_pkg) StdoutLine: {'line': b'-- Found rosidl_generator_cpp: 3.1.5 (/opt/ros/humble/share/rosidl_generator_cpp/cmake)\n'}
[1.077474] (my_cpp_pkg) StdoutLine: {'line': b'-- Using all available rosidl_typesupport_c: rosidl_typesupport_fastrtps_c;rosidl_typesupport_introspection_c\n'}
[1.106582] (-) TimerEvent: {}
[1.158165] (my_cpp_pkg) StdoutLine: {'line': b'-- Using all available rosidl_typesupport_cpp: rosidl_typesupport_fastrtps_cpp;rosidl_typesupport_introspection_cpp\n'}
[1.206762] (-) TimerEvent: {}
[1.307397] (-) TimerEvent: {}
[1.352450] (my_cpp_pkg) StdoutLine: {'line': b'-- Found rmw_implementation_cmake: 6.1.2 (/opt/ros/humble/share/rmw_implementation_cmake/cmake)\n'}
[1.361878] (my_cpp_pkg) StdoutLine: {'line': b'-- Found rmw_fastrtps_cpp: 6.2.7 (/opt/ros/humble/share/rmw_fastrtps_cpp/cmake)\n'}
[1.407569] (-) TimerEvent: {}
[1.508180] (-) TimerEvent: {}
[1.609454] (-) TimerEvent: {}
[1.711635] (-) TimerEvent: {}
[1.740744] (my_cpp_pkg) StdoutLine: {'line': b"-- Using RMW implementation 'rmw_fastrtps_cpp' as default\n"}
[1.811827] (-) TimerEvent: {}
[1.912519] (-) TimerEvent: {}
[2.013964] (-) TimerEvent: {}
[2.052551] (my_cpp_pkg) StdoutLine: {'line': b'-- Found ament_lint_auto: 0.12.11 (/opt/ros/humble/share/ament_lint_auto/cmake)\n'}
[2.114308] (-) TimerEvent: {}
[2.215109] (-) TimerEvent: {}
[2.309924] (my_cpp_pkg) StderrLine: {'line': b"Error parsing '/home/dev/ros2_ws/ATech_ws/src/my_cpp_pkg/package.xml':\n"}
[2.315300] (-) TimerEvent: {}
[2.415916] (-) TimerEvent: {}
[2.513016] (my_cpp_pkg) StderrLine: {'line': b'Traceback (most recent call last):\n'}
[2.513923] (my_cpp_pkg) StderrLine: {'line': b'  File "/opt/ros/humble/share/ament_cmake_core/cmake/core/package_xml_2_cmake.py", line 150, in <module>\n'}
[2.514777] (my_cpp_pkg) StderrLine: {'line': b'    main()\n'}
[2.515585] (my_cpp_pkg) StderrLine: {'line': b'  File "/opt/ros/humble/share/ament_cmake_core/cmake/core/package_xml_2_cmake.py", line 53, in main\n'}
[2.516532] (-) TimerEvent: {}
[2.518005] (my_cpp_pkg) StderrLine: {'line': b'    raise e\n'}
[2.518703] (my_cpp_pkg) StderrLine: {'line': b'  File "/opt/ros/humble/share/ament_cmake_core/cmake/core/package_xml_2_cmake.py", line 49, in main\n'}
[2.519216] (my_cpp_pkg) StderrLine: {'line': b'    package = parse_package_string(\n'}
[2.520705] (my_cpp_pkg) StderrLine: {'line': b'  File "/usr/lib/python3/dist-packages/catkin_pkg/package.py", line 786, in parse_package_string\n'}
[2.521353] (my_cpp_pkg) StderrLine: {'line': b"    raise InvalidPackage('Error(s):%s' % (''.join(['\\n- %s' % e for e in errors])), filename)\n"}
[2.522192] (my_cpp_pkg) StderrLine: {'line': b"catkin_pkg.package.InvalidPackage: Error(s) in package '/home/dev/ros2_ws/ATech_ws/src/my_cpp_pkg/package.xml':\n"}
[2.522802] (my_cpp_pkg) StderrLine: {'line': b'Error(s):\n'}
[2.523394] (my_cpp_pkg) StderrLine: {'line': b"- The generic dependency on 'rclcpp' is redundant with: build_depend, exec_depend\n"}
[2.523990] (my_cpp_pkg) StderrLine: {'line': b"- The generic dependency on 'std_msgs' is redundant with: build_depend, exec_depend\n"}
[2.583601] (my_cpp_pkg) StderrLine: {'line': b'\x1b[31mCMake Error at /opt/ros/humble/share/ament_cmake_core/cmake/core/ament_package_xml.cmake:95 (message):\n'}
[2.584147] (my_cpp_pkg) StderrLine: {'line': b'  execute_process(/usr/bin/python3\n'}
[2.584642] (my_cpp_pkg) StderrLine: {'line': b'  /opt/ros/humble/share/ament_cmake_core/cmake/core/package_xml_2_cmake.py\n'}
[2.585028] (my_cpp_pkg) StderrLine: {'line': b'  /home/dev/ros2_ws/ATech_ws/src/my_cpp_pkg/package.xml\n'}
[2.585438] (my_cpp_pkg) StderrLine: {'line': b'  /home/dev/ros2_ws/ATech_ws/build/my_cpp_pkg/ament_cmake_core/package.cmake)\n'}
[2.585843] (my_cpp_pkg) StderrLine: {'line': b'  returned error code 1\n'}
[2.586442] (my_cpp_pkg) StderrLine: {'line': b'Call Stack (most recent call first):\n'}
[2.586878] (my_cpp_pkg) StderrLine: {'line': b'  /opt/ros/humble/share/ament_cmake_core/cmake/core/ament_package_xml.cmake:49 (_ament_package_xml)\n'}
[2.587218] (my_cpp_pkg) StderrLine: {'line': b'  /opt/ros/humble/share/ament_lint_auto/cmake/ament_lint_auto_find_test_dependencies.cmake:31 (ament_package_xml)\n'}
[2.587630] (my_cpp_pkg) StderrLine: {'line': b'  CMakeLists.txt:39 (ament_lint_auto_find_test_dependencies)\n'}
[2.587986] (my_cpp_pkg) StderrLine: {'line': b'\n'}
[2.588351] (my_cpp_pkg) StderrLine: {'line': b'\x1b[0m\n'}
[2.588939] (my_cpp_pkg) StdoutLine: {'line': b'-- Configuring incomplete, errors occurred!\n'}
[2.589456] (my_cpp_pkg) StdoutLine: {'line': b'See also "/home/dev/ros2_ws/ATech_ws/build/my_cpp_pkg/CMakeFiles/CMakeOutput.log".\n'}
[2.610687] (my_cpp_pkg) StderrLine: {'line': b'gmake: *** [Makefile:226: cmake_check_build_system] Error 1\n'}
[2.616756] (-) TimerEvent: {}
[2.618774] (my_cpp_pkg) CommandEnded: {'returncode': 2}
[2.620211] (my_cpp_pkg) JobEnded: {'identifier': 'my_cpp_pkg', 'rc': 2}
[2.630493] (-) EventReactorShutdown: {}
