[0.062s] Invoking command in '/home/dev/ros2_ws/ATech_ws/build/my_cpp_pkg': /usr/bin/cmake --build /home/dev/ros2_ws/ATech_ws/build/my_cpp_pkg -- -j4 -l4
[0.160s] -- Found ament_cmake: 1.3.10 (/opt/ros/humble/share/ament_cmake/cmake)
[0.696s] -- Found rclcpp: 16.0.10 (/opt/ros/humble/share/rclcpp/cmake)
[0.824s] -- Found rosidl_generator_c: 3.1.5 (/opt/ros/humble/share/rosidl_generator_c/cmake)
[0.840s] -- Found rosidl_adapter: 3.1.5 (/opt/ros/humble/share/rosidl_adapter/cmake)
[0.867s] -- Found rosidl_generator_cpp: 3.1.5 (/opt/ros/humble/share/rosidl_generator_cpp/cmake)
[0.914s] -- Using all available rosidl_typesupport_c: rosidl_typesupport_fastrtps_c;rosidl_typesupport_introspection_c
[0.977s] -- Using all available rosidl_typesupport_cpp: rosidl_typesupport_fastrtps_cpp;rosidl_typesupport_introspection_cpp
[1.133s] -- Found rmw_implementation_cmake: 6.1.2 (/opt/ros/humble/share/rmw_implementation_cmake/cmake)
[1.139s] -- Found rmw_fastrtps_cpp: 6.2.7 (/opt/ros/humble/share/rmw_fastrtps_cpp/cmake)
[1.496s] -- Using RMW implementation 'rmw_fastrtps_cpp' as default
[1.778s] -- Found ament_lint_auto: 0.12.11 (/opt/ros/humble/share/ament_lint_auto/cmake)
[2.054s] Error parsing '/home/dev/ros2_ws/ATech_ws/src/my_cpp_pkg/package.xml':
[2.235s] Traceback (most recent call last):
[2.235s]   File "/opt/ros/humble/share/ament_cmake_core/cmake/core/package_xml_2_cmake.py", line 150, in <module>
[2.236s]     main()
[2.236s]   File "/opt/ros/humble/share/ament_cmake_core/cmake/core/package_xml_2_cmake.py", line 53, in main
[2.237s]     raise e
[2.238s]   File "/opt/ros/humble/share/ament_cmake_core/cmake/core/package_xml_2_cmake.py", line 49, in main
[2.238s]     package = parse_package_string(
[2.239s]   File "/usr/lib/python3/dist-packages/catkin_pkg/package.py", line 786, in parse_package_string
[2.239s]     raise InvalidPackage('Error(s):%s' % (''.join(['\n- %s' % e for e in errors])), filename)
[2.240s] catkin_pkg.package.InvalidPackage: Error(s) in package '/home/dev/ros2_ws/ATech_ws/src/my_cpp_pkg/package.xml':
[2.241s] Error(s):
[2.241s] - The generic dependency on 'rclcpp' is redundant with: build_depend, exec_depend
[2.242s] - The generic dependency on 'std_msgs' is redundant with: build_depend, exec_depend
[2.298s] [31mCMake Error at /opt/ros/humble/share/ament_cmake_core/cmake/core/ament_package_xml.cmake:95 (message):
[2.298s]   execute_process(/usr/bin/python3
[2.298s]   /opt/ros/humble/share/ament_cmake_core/cmake/core/package_xml_2_cmake.py
[2.299s]   /home/dev/ros2_ws/ATech_ws/src/my_cpp_pkg/package.xml
[2.299s]   /home/dev/ros2_ws/ATech_ws/build/my_cpp_pkg/ament_cmake_core/package.cmake)
[2.300s]   returned error code 1
[2.300s] Call Stack (most recent call first):
[2.301s]   /opt/ros/humble/share/ament_cmake_core/cmake/core/ament_package_xml.cmake:49 (_ament_package_xml)
[2.301s]   /opt/ros/humble/share/ament_lint_auto/cmake/ament_lint_auto_find_test_dependencies.cmake:31 (ament_package_xml)
[2.301s]   CMakeLists.txt:39 (ament_lint_auto_find_test_dependencies)
[2.302s] 
[2.302s] [0m
[2.303s] -- Configuring incomplete, errors occurred!
[2.303s] See also "/home/dev/ros2_ws/ATech_ws/build/my_cpp_pkg/CMakeFiles/CMakeOutput.log".
[2.326s] gmake: *** [Makefile:226: cmake_check_build_system] Error 1
[2.332s] Invoked command in '/home/dev/ros2_ws/ATech_ws/build/my_cpp_pkg' returned '2': /usr/bin/cmake --build /home/dev/ros2_ws/ATech_ws/build/my_cpp_pkg -- -j4 -l4
