[0.076s] Invoking command in '/home/dev/ros2_ws/ATech_ws/build/my_cpp_pkg': /usr/bin/cmake --build /home/dev/ros2_ws/ATech_ws/build/my_cpp_pkg -- -j4 -l4
[0.184s] -- Found ament_cmake: 1.3.10 (/opt/ros/humble/share/ament_cmake/cmake)
[0.803s] -- Found rclcpp: 16.0.10 (/opt/ros/humble/share/rclcpp/cmake)
[0.966s] -- Found rosidl_generator_c: 3.1.5 (/opt/ros/humble/share/rosidl_generator_c/cmake)
[0.982s] -- Found rosidl_adapter: 3.1.5 (/opt/ros/humble/share/rosidl_adapter/cmake)
[1.017s] -- Found rosidl_generator_cpp: 3.1.5 (/opt/ros/humble/share/rosidl_generator_cpp/cmake)
[1.076s] -- Using all available rosidl_typesupport_c: rosidl_typesupport_fastrtps_c;rosidl_typesupport_introspection_c
[1.156s] -- Using all available rosidl_typesupport_cpp: rosidl_typesupport_fastrtps_cpp;rosidl_typesupport_introspection_cpp
[1.351s] -- Found rmw_implementation_cmake: 6.1.2 (/opt/ros/humble/share/rmw_implementation_cmake/cmake)
[1.360s] -- Found rmw_fastrtps_cpp: 6.2.7 (/opt/ros/humble/share/rmw_fastrtps_cpp/cmake)
[1.739s] -- Using RMW implementation 'rmw_fastrtps_cpp' as default
[2.051s] -- Found ament_lint_auto: 0.12.11 (/opt/ros/humble/share/ament_lint_auto/cmake)
[2.308s] Error parsing '/home/dev/ros2_ws/ATech_ws/src/my_cpp_pkg/package.xml':
[2.512s] Traceback (most recent call last):
[2.512s]   File "/opt/ros/humble/share/ament_cmake_core/cmake/core/package_xml_2_cmake.py", line 150, in <module>
[2.513s]     main()
[2.514s]   File "/opt/ros/humble/share/ament_cmake_core/cmake/core/package_xml_2_cmake.py", line 53, in main
[2.516s]     raise e
[2.517s]   File "/opt/ros/humble/share/ament_cmake_core/cmake/core/package_xml_2_cmake.py", line 49, in main
[2.518s]     package = parse_package_string(
[2.519s]   File "/usr/lib/python3/dist-packages/catkin_pkg/package.py", line 786, in parse_package_string
[2.520s]     raise InvalidPackage('Error(s):%s' % (''.join(['\n- %s' % e for e in errors])), filename)
[2.520s] catkin_pkg.package.InvalidPackage: Error(s) in package '/home/dev/ros2_ws/ATech_ws/src/my_cpp_pkg/package.xml':
[2.521s] Error(s):
[2.522s] - The generic dependency on 'rclcpp' is redundant with: build_depend, exec_depend
[2.522s] - The generic dependency on 'std_msgs' is redundant with: build_depend, exec_depend
[2.582s] [31mCMake Error at /opt/ros/humble/share/ament_cmake_core/cmake/core/ament_package_xml.cmake:95 (message):
[2.582s]   execute_process(/usr/bin/python3
[2.583s]   /opt/ros/humble/share/ament_cmake_core/cmake/core/package_xml_2_cmake.py
[2.583s]   /home/dev/ros2_ws/ATech_ws/src/my_cpp_pkg/package.xml
[2.583s]   /home/dev/ros2_ws/ATech_ws/build/my_cpp_pkg/ament_cmake_core/package.cmake)
[2.584s]   returned error code 1
[2.585s] Call Stack (most recent call first):
[2.585s]   /opt/ros/humble/share/ament_cmake_core/cmake/core/ament_package_xml.cmake:49 (_ament_package_xml)
[2.585s]   /opt/ros/humble/share/ament_lint_auto/cmake/ament_lint_auto_find_test_dependencies.cmake:31 (ament_package_xml)
[2.586s]   CMakeLists.txt:39 (ament_lint_auto_find_test_dependencies)
[2.586s] 
[2.586s] [0m
[2.587s] -- Configuring incomplete, errors occurred!
[2.588s] See also "/home/dev/ros2_ws/ATech_ws/build/my_cpp_pkg/CMakeFiles/CMakeOutput.log".
[2.609s] gmake: *** [Makefile:226: cmake_check_build_system] Error 1
[2.617s] Invoked command in '/home/dev/ros2_ws/ATech_ws/build/my_cpp_pkg' returned '2': /usr/bin/cmake --build /home/dev/ros2_ws/ATech_ws/build/my_cpp_pkg -- -j4 -l4
